<?xml version="1.0" encoding="utf-8"?><testsuites><testsuite errors="2" failures="0" hostname="kkk.local" name="pytest" skipped="0" tests="2" time="7.461" timestamp="2022-05-02T21:09:32.663454"><testcase classname="test_dir.test_baidu.TestSearch" name="test_baidu_search_case" time="3.037"><error message="failed on setup with &quot;file /Users/wyh/Desktop/二学期/selenium测试/playcode/pyautoTest/test_dir/test_baidu.py, line 18&#10;      def test_baidu_search_case(self, browser, base_url):&#10;E       fixture 'base_url' not found&#10;&gt;       available fixtures: browser, browser_close, cache, capfd, capfdbinary, caplog, capsys, capsysbinary, doctest_namespace, extra, include_metadata_in_junit_xml, metadata, monkeypatch, pytestconfig, record_property, record_testsuite_property, record_xml_attribute, recwarn, tmp_path, tmp_path_factory, tmpdir, tmpdir_factory&#10;&gt;       use 'pytest --fixtures [testpath]' for help on them.&#10;&#10;/Users/wyh/Desktop/二学期/selenium测试/playcode/pyautoTest/test_dir/test_baidu.py:18&quot;">file /Users/wyh/Desktop/二学期/selenium测试/playcode/pyautoTest/test_dir/test_baidu.py, line 18
      def test_baidu_search_case(self, browser, base_url):
E       fixture 'base_url' not found
&gt;       available fixtures: browser, browser_close, cache, capfd, capfdbinary, caplog, capsys, capsysbinary, doctest_namespace, extra, include_metadata_in_junit_xml, metadata, monkeypatch, pytestconfig, record_property, record_testsuite_property, record_xml_attribute, recwarn, tmp_path, tmp_path_factory, tmpdir, tmpdir_factory
&gt;       use 'pytest --fixtures [testpath]' for help on them.

/Users/wyh/Desktop/二学期/selenium测试/playcode/pyautoTest/test_dir/test_baidu.py:18</error></testcase><testcase classname="test_dir.test_baidu.TestSearchSettings" name="test_baidu_search_setting" time="2.982"><error message="failed on setup with &quot;file /Users/wyh/Desktop/二学期/selenium测试/playcode/pyautoTest/test_dir/test_baidu.py, line 39&#10;      def test_baidu_search_setting(self, browser, base_url):&#10;E       fixture 'base_url' not found&#10;&gt;       available fixtures: browser, browser_close, cache, capfd, capfdbinary, caplog, capsys, capsysbinary, doctest_namespace, extra, include_metadata_in_junit_xml, metadata, monkeypatch, pytestconfig, record_property, record_testsuite_property, record_xml_attribute, recwarn, tmp_path, tmp_path_factory, tmpdir, tmpdir_factory&#10;&gt;       use 'pytest --fixtures [testpath]' for help on them.&#10;&#10;/Users/wyh/Desktop/二学期/selenium测试/playcode/pyautoTest/test_dir/test_baidu.py:39&quot;">file /Users/wyh/Desktop/二学期/selenium测试/playcode/pyautoTest/test_dir/test_baidu.py, line 39
      def test_baidu_search_setting(self, browser, base_url):
E       fixture 'base_url' not found
&gt;       available fixtures: browser, browser_close, cache, capfd, capfdbinary, caplog, capsys, capsysbinary, doctest_namespace, extra, include_metadata_in_junit_xml, metadata, monkeypatch, pytestconfig, record_property, record_testsuite_property, record_xml_attribute, recwarn, tmp_path, tmp_path_factory, tmpdir, tmpdir_factory
&gt;       use 'pytest --fixtures [testpath]' for help on them.

/Users/wyh/Desktop/二学期/selenium测试/playcode/pyautoTest/test_dir/test_baidu.py:39</error></testcase></testsuite></testsuites>